<?xml version="1.0" encoding="UTF-8"?>
<testsuite xmlns:xsi="http://www.w3.org/2001/XMLSchema-instance" xsi:noNamespaceSchemaLocation="https://maven.apache.org/surefire/maven-surefire-plugin/xsd/surefire-test-report-3.0.xsd" version="3.0" name="com.itsu.itsudefdata.dao.impl.test.UsuarioDAOImplTest" time="0.225" tests="6" errors="5" skipped="0" failures="0">
  <properties>
    <property name="java.specification.version" value="22"/>
    <property name="sun.cpu.isalist" value="amd64"/>
    <property name="sun.jnu.encoding" value="UTF-8"/>
    <property name="java.class.path" value="C:\Users\BANGHO\Desktop\software\3 AÑO\Programacion\itsu-def-data\target\test-classes;C:\Users\BANGHO\Desktop\software\3 AÑO\Programacion\itsu-def-data\target\classes;C:\Users\BANGHO\.m2\repository\org\junit\jupiter\junit-jupiter-api\5.11.0\junit-jupiter-api-5.11.0.jar;C:\Users\BANGHO\.m2\repository\org\opentest4j\opentest4j\1.3.0\opentest4j-1.3.0.jar;C:\Users\BANGHO\.m2\repository\org\junit\platform\junit-platform-commons\1.11.0\junit-platform-commons-1.11.0.jar;C:\Users\BANGHO\.m2\repository\org\apiguardian\apiguardian-api\1.1.2\apiguardian-api-1.1.2.jar;C:\Users\BANGHO\.m2\repository\itsu\itsu-def-entities\0.0.1-SNAPSHOT\itsu-def-entities-0.0.1-SNAPSHOT.jar;"/>
    <property name="java.vm.vendor" value="Eclipse Adoptium"/>
    <property name="sun.arch.data.model" value="64"/>
    <property name="user.variant" value=""/>
    <property name="java.vendor.url" value="https://adoptium.net/"/>
    <property name="user.timezone" value="America/Buenos_Aires"/>
    <property name="os.name" value="Windows 11"/>
    <property name="java.vm.specification.version" value="22"/>
    <property name="sun.java.launcher" value="SUN_STANDARD"/>
    <property name="user.country" value="AR"/>
    <property name="sun.boot.library.path" value="C:\Users\BANGHO\.p2\pool\plugins\org.eclipse.justj.openjdk.hotspot.jre.full.win32.x86_64_22.0.2.v20240802-1626\jre\bin"/>
    <property name="sun.java.command" value="C:\Users\BANGHO\AppData\Local\Temp\surefire7491545423246032284\surefirebooter-20241017134822707_3.jar C:\Users\BANGHO\AppData\Local\Temp\surefire7491545423246032284 2024-10-17T13-48-22_451-jvmRun1 surefire-20241017134822707_1tmp surefire_0-20241017134822707_2tmp"/>
    <property name="jdk.debug" value="release"/>
    <property name="surefire.test.class.path" value="C:\Users\BANGHO\Desktop\software\3 AÑO\Programacion\itsu-def-data\target\test-classes;C:\Users\BANGHO\Desktop\software\3 AÑO\Programacion\itsu-def-data\target\classes;C:\Users\BANGHO\.m2\repository\org\junit\jupiter\junit-jupiter-api\5.11.0\junit-jupiter-api-5.11.0.jar;C:\Users\BANGHO\.m2\repository\org\opentest4j\opentest4j\1.3.0\opentest4j-1.3.0.jar;C:\Users\BANGHO\.m2\repository\org\junit\platform\junit-platform-commons\1.11.0\junit-platform-commons-1.11.0.jar;C:\Users\BANGHO\.m2\repository\org\apiguardian\apiguardian-api\1.1.2\apiguardian-api-1.1.2.jar;C:\Users\BANGHO\.m2\repository\itsu\itsu-def-entities\0.0.1-SNAPSHOT\itsu-def-entities-0.0.1-SNAPSHOT.jar;"/>
    <property name="sun.cpu.endian" value="little"/>
    <property name="user.home" value="C:\Users\BANGHO"/>
    <property name="user.language" value="es"/>
    <property name="java.specification.vendor" value="Oracle Corporation"/>
    <property name="java.version.date" value="2024-07-16"/>
    <property name="java.home" value="C:\Users\BANGHO\.p2\pool\plugins\org.eclipse.justj.openjdk.hotspot.jre.full.win32.x86_64_22.0.2.v20240802-1626\jre"/>
    <property name="file.separator" value="\"/>
    <property name="basedir" value="C:\Users\BANGHO\Desktop\software\3 AÑO\Programacion\itsu-def-data"/>
    <property name="style.color" value="always"/>
    <property name="java.vm.compressedOopsMode" value="Zero based"/>
    <property name="line.separator" value="&#10;"/>
    <property name="java.vm.specification.vendor" value="Oracle Corporation"/>
    <property name="java.specification.name" value="Java Platform API Specification"/>
    <property name="surefire.real.class.path" value="C:\Users\BANGHO\AppData\Local\Temp\surefire7491545423246032284\surefirebooter-20241017134822707_3.jar"/>
    <property name="user.script" value=""/>
    <property name="sun.management.compiler" value="HotSpot 64-Bit Tiered Compilers"/>
    <property name="java.runtime.version" value="22.0.2+9"/>
    <property name="user.name" value="BANGHO"/>
    <property name="stdout.encoding" value="UTF-8"/>
    <property name="path.separator" value=";"/>
    <property name="os.version" value="10.0"/>
    <property name="java.runtime.name" value="OpenJDK Runtime Environment"/>
    <property name="file.encoding" value="UTF-8"/>
    <property name="java.vm.name" value="OpenJDK 64-Bit Server VM"/>
    <property name="java.vendor.version" value="Temurin-22.0.2+9"/>
    <property name="localRepository" value="C:\Users\BANGHO\.m2\repository"/>
    <property name="java.vendor.url.bug" value="https://github.com/adoptium/adoptium-support/issues"/>
    <property name="java.io.tmpdir" value="C:\Users\BANGHO\AppData\Local\Temp\"/>
    <property name="java.version" value="22.0.2"/>
    <property name="user.dir" value="C:\Users\BANGHO\Desktop\software\3 AÑO\Programacion\itsu-def-data"/>
    <property name="os.arch" value="amd64"/>
    <property name="java.vm.specification.name" value="Java Virtual Machine Specification"/>
    <property name="sun.os.patch.level" value=""/>
    <property name="native.encoding" value="UTF-8"/>
    <property name="java.library.path" value="C:\Users\BANGHO\.p2\pool\plugins\org.eclipse.justj.openjdk.hotspot.jre.full.win32.x86_64_22.0.2.v20240802-1626\jre\bin;C:\WINDOWS\Sun\Java\bin;C:\WINDOWS\system32;C:\WINDOWS;C:/Users/BANGHO/.p2/pool/plugins/org.eclipse.justj.openjdk.hotspot.jre.full.win32.x86_64_22.0.2.v20240802-1626/jre/bin/server;C:/Users/BANGHO/.p2/pool/plugins/org.eclipse.justj.openjdk.hotspot.jre.full.win32.x86_64_22.0.2.v20240802-1626/jre/bin;C:\Program Files\Common Files\Oracle\Java\javapath;C:\Program Files (x86)\Common Files\Oracle\Java\java8path;C:\Program Files (x86)\Common Files\Oracle\Java\javapath;C:\WINDOWS\system32;C:\WINDOWS;C:\WINDOWS\System32\Wbem;C:\WINDOWS\System32\WindowsPowerShell\v1.0\;C:\WINDOWS\System32\OpenSSH\;C:\Program Files\Java\jdk-17\bin;C:\Program Files\Java\jdk-22\bin;C:\Program Files\apache-maven-3.9.6\bin;C:\Program Files (x86)\Microsoft SQL Server\160\DTS\Binn\;C:\Program Files (x86)\Microsoft SQL Server\160\Tools\Binn\;C:\Program Files\Microsoft SQL Server\160\Tools\Binn\;C:\Program Files\Microsoft SQL Server\Client SDK\ODBC\170\Tools\Binn\;C:\Program Files\Microsoft SQL Server\160\DTS\Binn\;C:\php;C:\Users\BANGHO\AppData\Local\Programs\Python\Python311\Scripts\;C:\Users\BANGHO\AppData\Local\Programs\Python\Python311\;C:\Users\BANGHO\AppData\Local\Microsoft\WindowsApps;C:\Users\BANGHO\AppData\Local\Programs\Microsoft VS Code\bin;C:\Users\BANGHO\AppData\Local\GitHubDesktop\bin;C:\Program Files\apache-maven-3.9.6\bin;C:\Program Files\JetBrains\IntelliJ IDEA Community Edition 2024.1\bin;;C:\Program Files\Java\jdk-17\bin\bin;;C:\WINDOWS\System32;;."/>
    <property name="java.vm.info" value="mixed mode"/>
    <property name="stderr.encoding" value="UTF-8"/>
    <property name="java.vendor" value="Eclipse Adoptium"/>
    <property name="java.vm.version" value="22.0.2+9"/>
    <property name="sun.io.unicode.encoding" value="UnicodeLittle"/>
    <property name="java.class.version" value="66.0"/>
  </properties>
  <testcase name="testConsultarExitoso" classname="com.itsu.itsudefdata.dao.impl.test.UsuarioDAOImplTest" time="0.059">
    <error message="Cannot invoke &quot;java.sql.Statement.executeQuery(String)&quot; because &quot;com.itsu.itsudefdata.connection.ConnectionFactory.statement&quot; is null" type="java.lang.NullPointerException"><![CDATA[java.lang.NullPointerException: Cannot invoke "java.sql.Statement.executeQuery(String)" because "com.itsu.itsudefdata.connection.ConnectionFactory.statement" is null
	at com.itsu.itsudefdata.connection.ConnectionFactory.ejecutarSQLSelect(ConnectionFactory.java:74)
	at com.itsu.itsudefdata.dao.impl.UsuarioDAOImpl.consultar(UsuarioDAOImpl.java:97)
	at com.itsu.itsudefdata.dao.impl.test.UsuarioDAOImplTest.testConsultarExitoso(UsuarioDAOImplTest.java:181)
	at java.base/java.lang.reflect.Method.invoke(Method.java:580)
	at java.base/java.util.ArrayList.forEach(ArrayList.java:1597)
	at java.base/java.util.ArrayList.forEach(ArrayList.java:1597)
]]></error>
    <system-out><![CDATA[Query:SELECT * FROM Usuario order by apellidoUsuario;
]]></system-out>
    <system-err><![CDATA[java.lang.ClassNotFoundException: com.mysql.cj.jdbc.Driver
	at java.base/jdk.internal.loader.BuiltinClassLoader.loadClass(BuiltinClassLoader.java:641)
	at java.base/jdk.internal.loader.ClassLoaders$AppClassLoader.loadClass(ClassLoaders.java:188)
	at java.base/java.lang.ClassLoader.loadClass(ClassLoader.java:525)
	at java.base/java.lang.Class.forName0(Native Method)
	at java.base/java.lang.Class.forName(Class.java:413)
	at java.base/java.lang.Class.forName(Class.java:404)
	at com.itsu.itsudefdata.connection.ConnectionFactory.conectar(ConnectionFactory.java:40)
	at com.itsu.itsudefdata.dao.impl.UsuarioDAOImpl.<clinit>(UsuarioDAOImpl.java:24)
	at com.itsu.itsudefdata.dao.impl.test.UsuarioDAOImplTest.testConsultarExitoso(UsuarioDAOImplTest.java:178)
	at java.base/jdk.internal.reflect.DirectMethodHandleAccessor.invoke(DirectMethodHandleAccessor.java:103)
	at java.base/java.lang.reflect.Method.invoke(Method.java:580)
	at org.junit.platform.commons.util.ReflectionUtils.invokeMethod(ReflectionUtils.java:766)
	at org.junit.jupiter.engine.execution.MethodInvocation.proceed(MethodInvocation.java:60)
	at org.junit.jupiter.engine.execution.InvocationInterceptorChain$ValidatingInvocation.proceed(InvocationInterceptorChain.java:131)
	at org.junit.jupiter.engine.extension.TimeoutExtension.intercept(TimeoutExtension.java:156)
	at org.junit.jupiter.engine.extension.TimeoutExtension.interceptTestableMethod(TimeoutExtension.java:147)
	at org.junit.jupiter.engine.extension.TimeoutExtension.interceptTestMethod(TimeoutExtension.java:86)
	at org.junit.jupiter.engine.execution.InterceptingExecutableInvoker$ReflectiveInterceptorCall.lambda$ofVoidMethod$0(InterceptingExecutableInvoker.java:103)
	at org.junit.jupiter.engine.execution.InterceptingExecutableInvoker.lambda$invoke$0(InterceptingExecutableInvoker.java:93)
	at org.junit.jupiter.engine.execution.InvocationInterceptorChain$InterceptedInvocation.proceed(InvocationInterceptorChain.java:106)
	at org.junit.jupiter.engine.execution.InvocationInterceptorChain.proceed(InvocationInterceptorChain.java:64)
	at org.junit.jupiter.engine.execution.InvocationInterceptorChain.chainAndInvoke(InvocationInterceptorChain.java:45)
	at org.junit.jupiter.engine.execution.InvocationInterceptorChain.invoke(InvocationInterceptorChain.java:37)
	at org.junit.jupiter.engine.execution.InterceptingExecutableInvoker.invoke(InterceptingExecutableInvoker.java:92)
	at org.junit.jupiter.engine.execution.InterceptingExecutableInvoker.invoke(InterceptingExecutableInvoker.java:86)
	at org.junit.jupiter.engine.descriptor.TestMethodTestDescriptor.lambda$invokeTestMethod$8(TestMethodTestDescriptor.java:217)
	at org.junit.platform.engine.support.hierarchical.ThrowableCollector.execute(ThrowableCollector.java:73)
	at org.junit.jupiter.engine.descriptor.TestMethodTestDescriptor.invokeTestMethod(TestMethodTestDescriptor.java:213)
	at org.junit.jupiter.engine.descriptor.TestMethodTestDescriptor.execute(TestMethodTestDescriptor.java:138)
	at org.junit.jupiter.engine.descriptor.TestMethodTestDescriptor.execute(TestMethodTestDescriptor.java:68)
	at org.junit.platform.engine.support.hierarchical.NodeTestTask.lambda$executeRecursively$6(NodeTestTask.java:151)
	at org.junit.platform.engine.support.hierarchical.ThrowableCollector.execute(ThrowableCollector.java:73)
	at org.junit.platform.engine.support.hierarchical.NodeTestTask.lambda$executeRecursively$8(NodeTestTask.java:141)
	at org.junit.platform.engine.support.hierarchical.Node.around(Node.java:137)
	at org.junit.platform.engine.support.hierarchical.NodeTestTask.lambda$executeRecursively$9(NodeTestTask.java:139)
	at org.junit.platform.engine.support.hierarchical.ThrowableCollector.execute(ThrowableCollector.java:73)
	at org.junit.platform.engine.support.hierarchical.NodeTestTask.executeRecursively(NodeTestTask.java:138)
	at org.junit.platform.engine.support.hierarchical.NodeTestTask.execute(NodeTestTask.java:95)
	at java.base/java.util.ArrayList.forEach(ArrayList.java:1597)
	at org.junit.platform.engine.support.hierarchical.SameThreadHierarchicalTestExecutorService.invokeAll(SameThreadHierarchicalTestExecutorService.java:41)
	at org.junit.platform.engine.support.hierarchical.NodeTestTask.lambda$executeRecursively$6(NodeTestTask.java:155)
	at org.junit.platform.engine.support.hierarchical.ThrowableCollector.execute(ThrowableCollector.java:73)
	at org.junit.platform.engine.support.hierarchical.NodeTestTask.lambda$executeRecursively$8(NodeTestTask.java:141)
	at org.junit.platform.engine.support.hierarchical.Node.around(Node.java:137)
	at org.junit.platform.engine.support.hierarchical.NodeTestTask.lambda$executeRecursively$9(NodeTestTask.java:139)
	at org.junit.platform.engine.support.hierarchical.ThrowableCollector.execute(ThrowableCollector.java:73)
	at org.junit.platform.engine.support.hierarchical.NodeTestTask.executeRecursively(NodeTestTask.java:138)
	at org.junit.platform.engine.support.hierarchical.NodeTestTask.execute(NodeTestTask.java:95)
	at java.base/java.util.ArrayList.forEach(ArrayList.java:1597)
	at org.junit.platform.engine.support.hierarchical.SameThreadHierarchicalTestExecutorService.invokeAll(SameThreadHierarchicalTestExecutorService.java:41)
	at org.junit.platform.engine.support.hierarchical.NodeTestTask.lambda$executeRecursively$6(NodeTestTask.java:155)
	at org.junit.platform.engine.support.hierarchical.ThrowableCollector.execute(ThrowableCollector.java:73)
	at org.junit.platform.engine.support.hierarchical.NodeTestTask.lambda$executeRecursively$8(NodeTestTask.java:141)
	at org.junit.platform.engine.support.hierarchical.Node.around(Node.java:137)
	at org.junit.platform.engine.support.hierarchical.NodeTestTask.lambda$executeRecursively$9(NodeTestTask.java:139)
	at org.junit.platform.engine.support.hierarchical.ThrowableCollector.execute(ThrowableCollector.java:73)
	at org.junit.platform.engine.support.hierarchical.NodeTestTask.executeRecursively(NodeTestTask.java:138)
	at org.junit.platform.engine.support.hierarchical.NodeTestTask.execute(NodeTestTask.java:95)
	at org.junit.platform.engine.support.hierarchical.SameThreadHierarchicalTestExecutorService.submit(SameThreadHierarchicalTestExecutorService.java:35)
	at org.junit.platform.engine.support.hierarchical.HierarchicalTestExecutor.execute(HierarchicalTestExecutor.java:57)
	at org.junit.platform.engine.support.hierarchical.HierarchicalTestEngine.execute(HierarchicalTestEngine.java:54)
	at org.junit.platform.launcher.core.EngineExecutionOrchestrator.execute(EngineExecutionOrchestrator.java:198)
	at org.junit.platform.launcher.core.EngineExecutionOrchestrator.execute(EngineExecutionOrchestrator.java:169)
	at org.junit.platform.launcher.core.EngineExecutionOrchestrator.execute(EngineExecutionOrchestrator.java:93)
	at org.junit.platform.launcher.core.EngineExecutionOrchestrator.lambda$execute$0(EngineExecutionOrchestrator.java:58)
	at org.junit.platform.launcher.core.EngineExecutionOrchestrator.withInterceptedStreams(EngineExecutionOrchestrator.java:141)
	at org.junit.platform.launcher.core.EngineExecutionOrchestrator.execute(EngineExecutionOrchestrator.java:57)
	at org.junit.platform.launcher.core.DefaultLauncher.execute(DefaultLauncher.java:103)
	at org.junit.platform.launcher.core.DefaultLauncher.execute(DefaultLauncher.java:85)
	at org.junit.platform.launcher.core.DelegatingLauncher.execute(DelegatingLauncher.java:47)
	at org.apache.maven.surefire.junitplatform.LazyLauncher.execute(LazyLauncher.java:56)
	at org.apache.maven.surefire.junitplatform.JUnitPlatformProvider.execute(JUnitPlatformProvider.java:184)
	at org.apache.maven.surefire.junitplatform.JUnitPlatformProvider.invokeAllTests(JUnitPlatformProvider.java:148)
	at org.apache.maven.surefire.junitplatform.JUnitPlatformProvider.invoke(JUnitPlatformProvider.java:122)
	at org.apache.maven.surefire.booter.ForkedBooter.runSuitesInProcess(ForkedBooter.java:385)
	at org.apache.maven.surefire.booter.ForkedBooter.execute(ForkedBooter.java:162)
	at org.apache.maven.surefire.booter.ForkedBooter.run(ForkedBooter.java:507)
	at org.apache.maven.surefire.booter.ForkedBooter.main(ForkedBooter.java:495)
Error de bdd: com.mysql.cj.jdbc.Driver
]]></system-err>
  </testcase>
  <testcase name="testGuardarExitoso" classname="com.itsu.itsudefdata.dao.impl.test.UsuarioDAOImplTest" time="0.044">
    <error message="Cannot invoke &quot;java.sql.Statement.executeUpdate(String)&quot; because &quot;com.itsu.itsudefdata.connection.ConnectionFactory.statement&quot; is null" type="java.lang.NullPointerException"><![CDATA[java.lang.NullPointerException: Cannot invoke "java.sql.Statement.executeUpdate(String)" because "com.itsu.itsudefdata.connection.ConnectionFactory.statement" is null
	at com.itsu.itsudefdata.connection.ConnectionFactory.ejecutarSQL(ConnectionFactory.java:63)
	at com.itsu.itsudefdata.dao.impl.UsuarioDAOImpl.guardar(UsuarioDAOImpl.java:48)
	at com.itsu.itsudefdata.dao.impl.test.UsuarioDAOImplTest.testGuardarExitoso(UsuarioDAOImplTest.java:54)
	at java.base/java.lang.reflect.Method.invoke(Method.java:580)
	at java.base/java.util.ArrayList.forEach(ArrayList.java:1597)
	at java.base/java.util.ArrayList.forEach(ArrayList.java:1597)
]]></error>
    <system-out><![CDATA[Query:INSERT INTO bdd190924.usuario (nombreUsuario, apellidoUsuario, contraseñaUsuario, telefonoUsuario,emailUsuario, dniUsuario, direccionUsuario, paisUsuario, fechaNacimientoUsuario , Rol_idRol, Carrera_idCarrera) VALUES ('Andres','2370','123','3446','a@g','null','Churru 123','arg','01/01/',1,1);
]]></system-out>
  </testcase>
  <testcase name="testGuardarFallido" classname="com.itsu.itsudefdata.dao.impl.test.UsuarioDAOImplTest" time="0.004">
    <error message="Cannot invoke &quot;java.sql.Statement.executeUpdate(String)&quot; because &quot;com.itsu.itsudefdata.connection.ConnectionFactory.statement&quot; is null" type="java.lang.NullPointerException"><![CDATA[java.lang.NullPointerException: Cannot invoke "java.sql.Statement.executeUpdate(String)" because "com.itsu.itsudefdata.connection.ConnectionFactory.statement" is null
	at com.itsu.itsudefdata.connection.ConnectionFactory.ejecutarSQL(ConnectionFactory.java:63)
	at com.itsu.itsudefdata.dao.impl.UsuarioDAOImpl.guardar(UsuarioDAOImpl.java:48)
	at com.itsu.itsudefdata.dao.impl.test.UsuarioDAOImplTest.testGuardarFallido(UsuarioDAOImplTest.java:91)
	at java.base/java.lang.reflect.Method.invoke(Method.java:580)
	at java.base/java.util.ArrayList.forEach(ArrayList.java:1597)
	at java.base/java.util.ArrayList.forEach(ArrayList.java:1597)
]]></error>
    <system-out><![CDATA[Query:INSERT INTO bdd190924.usuario (nombreUsuario, apellidoUsuario, contraseñaUsuario, telefonoUsuario,emailUsuario, dniUsuario, direccionUsuario, paisUsuario, fechaNacimientoUsuario , Rol_idRol, Carrera_idCarrera) VALUES ('Andres','2370','123','3446','a@g','null','Churru 123','arg','01/01/',1,1);
]]></system-out>
  </testcase>
  <testcase name="testActualizarExitoso" classname="com.itsu.itsudefdata.dao.impl.test.UsuarioDAOImplTest" time="0.031">
    <error message="Cannot invoke &quot;java.sql.Statement.executeUpdate(String)&quot; because &quot;com.itsu.itsudefdata.connection.ConnectionFactory.statement&quot; is null" type="java.lang.NullPointerException"><![CDATA[java.lang.NullPointerException: Cannot invoke "java.sql.Statement.executeUpdate(String)" because "com.itsu.itsudefdata.connection.ConnectionFactory.statement" is null
	at com.itsu.itsudefdata.connection.ConnectionFactory.ejecutarSQL(ConnectionFactory.java:63)
	at com.itsu.itsudefdata.dao.impl.UsuarioDAOImpl.actualizar(UsuarioDAOImpl.java:72)
	at com.itsu.itsudefdata.dao.impl.test.UsuarioDAOImplTest.testActualizarExitoso(UsuarioDAOImplTest.java:137)
	at java.base/java.lang.reflect.Method.invoke(Method.java:580)
	at java.base/java.util.ArrayList.forEach(ArrayList.java:1597)
	at java.base/java.util.ArrayList.forEach(ArrayList.java:1597)
]]></error>
    <system-out><![CDATA[Query:UPDATE usuario SET nombreUsuario = 'Ursula', apellidoUsuario = 'Huck', contraseñaUsuario = '123', telefonoUsuario = '3333', emailUsuario = 'u@h', dniUsuario = '1111', direccionUsuario = 'Libertad 123', paisUsuario = 'arg', fechaNacimientoUsuario = '01/01/30', Rol_idRol = 1, Carrera_idCarrera = 1 WHERE idUsuario = 4
]]></system-out>
  </testcase>
  <testcase name="test" classname="com.itsu.itsudefdata.dao.impl.test.UsuarioDAOImplTest" time="0.003">
    <system-out><![CDATA[primer test JUNIT
]]></system-out>
  </testcase>
  <testcase name="testEliminarExitoso" classname="com.itsu.itsudefdata.dao.impl.test.UsuarioDAOImplTest" time="0.014">
    <error message="Cannot invoke &quot;java.sql.Statement.executeUpdate(String)&quot; because &quot;com.itsu.itsudefdata.connection.ConnectionFactory.statement&quot; is null" type="java.lang.NullPointerException"><![CDATA[java.lang.NullPointerException: Cannot invoke "java.sql.Statement.executeUpdate(String)" because "com.itsu.itsudefdata.connection.ConnectionFactory.statement" is null
	at com.itsu.itsudefdata.connection.ConnectionFactory.ejecutarSQL(ConnectionFactory.java:63)
	at com.itsu.itsudefdata.dao.impl.UsuarioDAOImpl.eliminar(UsuarioDAOImpl.java:82)
	at com.itsu.itsudefdata.dao.impl.test.UsuarioDAOImplTest.testEliminarExitoso(UsuarioDAOImplTest.java:163)
	at java.base/java.lang.reflect.Method.invoke(Method.java:580)
	at java.base/java.util.ArrayList.forEach(ArrayList.java:1597)
	at java.base/java.util.ArrayList.forEach(ArrayList.java:1597)
]]></error>
    <system-out><![CDATA[Query:DELETE FROM usuario WHERE idUsuario  = 5;
]]></system-out>
  </testcase>
</testsuite>